<?xml version="1.0" encoding="UTF-8"?>
<testng-results ignored="0" total="0" passed="0" failed="0" skipped="0">
  <reporter-output>
  </reporter-output>
  <suite started-at="2020-11-04T17:50:28 IRST" name="Default suite" finished-at="2020-11-04T17:50:28 IRST" duration-ms="13">
    <groups>
    </groups>
    <test started-at="2020-11-04T17:50:28 IRST" name="Default test" finished-at="2020-11-04T17:50:28 IRST" duration-ms="13">
    </test> <!-- Default test -->
  </suite> <!-- Default suite -->
</testng-results>
